This is pdfTeX, Version 3.141592653-2.6-1.40.25 (TeX Live 2023) (preloaded format=pdflatex 2023.12.6)  12 APR 2026 17:31
entering extended mode
 restricted \write18 enabled.
 file:line:error style messages enabled.
 %&-line parsing enabled.
**"/Users/declanloo/Library/CloudStorage/OneDrive-UniversityCollegeLondon/UCL/Year 3/COMP0029 - Final Year Project/Asset-Pair-Portfolio-Optimiser/FYP Docs/Report/main.tex"
(/Users/declanloo/Library/CloudStorage/OneDrive-UniversityCollegeLondon/UCL/Year 3/COMP0029 - Final Year Project/Asset-Pair-Portfolio-Optimiser/FYP Docs/Report/main.tex
LaTeX2e <2022-11-01> patch level 1
L3 programming layer <2023-02-22> (/usr/local/texlive/2023/texmf-dist/tex/latex/base/report.cls
Document Class: report 2022/07/02 v1.4n Standard LaTeX document class
(/usr/local/texlive/2023/texmf-dist/tex/latex/base/size10.clo
File: size10.clo 2022/07/02 v1.4n Standard LaTeX file (size option)
)
\c@part=\count185
\c@chapter=\count186
\c@section=\count187
\c@subsection=\count188
\c@subsubsection=\count189
\c@paragraph=\count190
\c@subparagraph=\count191
\c@figure=\count192
\c@table=\count193
\abovecaptionskip=\skip48
\belowcaptionskip=\skip49
\bibindent=\dimen140
) (/usr/local/texlive/2023/texmf-dist/tex/latex/setspace/setspace.sty
Package: setspace 2022/12/04 v6.7b set line spacing
) (/usr/local/texlive/2023/texmf-dist/tex/latex/amsfonts/amssymb.sty
Package: amssymb 2013/01/14 v3.01 AMS font symbols
 (/usr/local/texlive/2023/texmf-dist/tex/latex/amsfonts/amsfonts.sty
Package: amsfonts 2013/01/14 v3.01 Basic AMSFonts support
\@emptytoks=\toks16
\symAMSa=\mathgroup4
\symAMSb=\mathgroup5
LaTeX Font Info:    Redeclaring math symbol \hbar on input line 98.
LaTeX Font Info:    Overwriting math alphabet `\mathfrak' in version `bold'
(Font)                  U/euf/m/n --> U/euf/b/n on input line 106.
)) (/usr/local/texlive/2023/texmf-dist/tex/latex/graphics/graphicx.sty
Package: graphicx 2021/09/16 v1.2d Enhanced LaTeX Graphics (DPC,SPQR)
 (/usr/local/texlive/2023/texmf-dist/tex/latex/graphics/keyval.sty
Package: keyval 2022/05/29 v1.15 key=value parser (DPC)
\KV@toks@=\toks17
) (/usr/local/texlive/2023/texmf-dist/tex/latex/graphics/graphics.sty
Package: graphics 2022/03/10 v1.4e Standard LaTeX Graphics (DPC,SPQR)
 (/usr/local/texlive/2023/texmf-dist/tex/latex/graphics/trig.sty
Package: trig 2021/08/11 v1.11 sin cos tan (DPC)
) (/usr/local/texlive/2023/texmf-dist/tex/latex/graphics-cfg/graphics.cfg
File: graphics.cfg 2016/06/04 v1.11 sample graphics configuration
)
Package graphics Info: Driver file: pdftex.def on input line 107.
 (/usr/local/texlive/2023/texmf-dist/tex/latex/graphics-def/pdftex.def
File: pdftex.def 2022/09/22 v1.2b Graphics/color driver for pdftex
))
\Gin@req@height=\dimen141
\Gin@req@width=\dimen142
) (/usr/local/texlive/2023/texmf-dist/tex/latex/graphics/color.sty
Package: color 2022/01/06 v1.3d Standard LaTeX Color (DPC)
 (/usr/local/texlive/2023/texmf-dist/tex/latex/graphics-cfg/color.cfg
File: color.cfg 2016/01/02 v1.6 sample color configuration
)
Package color Info: Driver file: pdftex.def on input line 149.
 (/usr/local/texlive/2023/texmf-dist/tex/latex/graphics/mathcolor.ltx)) (/usr/local/texlive/2023/texmf-dist/tex/latex/booktabs/booktabs.sty
Package: booktabs 2020/01/12 v1.61803398 Publication quality tables
\heavyrulewidth=\dimen143
\lightrulewidth=\dimen144
\cmidrulewidth=\dimen145
\belowrulesep=\dimen146
\belowbottomsep=\dimen147
\aboverulesep=\dimen148
\abovetopsep=\dimen149
\cmidrulesep=\dimen150
\cmidrulekern=\dimen151
\defaultaddspace=\dimen152
\@cmidla=\count194
\@cmidlb=\count195
\@aboverulesep=\dimen153
\@belowrulesep=\dimen154
\@thisruleclass=\count196
\@lastruleclass=\count197
\@thisrulewidth=\dimen155
) (/usr/local/texlive/2023/texmf-dist/tex/latex/placeins/placeins.sty
Package: placeins 2005/04/18  v 2.2
) (/usr/local/texlive/2023/texmf-dist/tex/latex/base/latexsym.sty
Package: latexsym 1998/08/17 v2.2e Standard LaTeX package (lasy symbols)
\symlasy=\mathgroup6
LaTeX Font Info:    Overwriting symbol font `lasy' in version `bold'
(Font)                  U/lasy/m/n --> U/lasy/b/n on input line 52.
) (/usr/local/texlive/2023/texmf-dist/tex/latex/amsmath/amsmath.sty
Package: amsmath 2022/04/08 v2.17n AMS math features
\@mathmargin=\skip50

For additional information on amsmath, use the `?' option.
(/usr/local/texlive/2023/texmf-dist/tex/latex/amsmath/amstext.sty
Package: amstext 2021/08/26 v2.01 AMS text
 (/usr/local/texlive/2023/texmf-dist/tex/latex/amsmath/amsgen.sty
File: amsgen.sty 1999/11/30 v2.0 generic functions
\@emptytoks=\toks18
\ex@=\dimen156
)) (/usr/local/texlive/2023/texmf-dist/tex/latex/amsmath/amsbsy.sty
Package: amsbsy 1999/11/29 v1.2d Bold Symbols
\pmbraise@=\dimen157
) (/usr/local/texlive/2023/texmf-dist/tex/latex/amsmath/amsopn.sty
Package: amsopn 2022/04/08 v2.04 operator names
)
\inf@bad=\count198
LaTeX Info: Redefining \frac on input line 234.
\uproot@=\count199
\leftroot@=\count266
LaTeX Info: Redefining \overline on input line 399.
LaTeX Info: Redefining \colon on input line 410.
\classnum@=\count267
\DOTSCASE@=\count268
LaTeX Info: Redefining \ldots on input line 496.
LaTeX Info: Redefining \dots on input line 499.
LaTeX Info: Redefining \cdots on input line 620.
\Mathstrutbox@=\box51
\strutbox@=\box52
LaTeX Info: Redefining \big on input line 722.
LaTeX Info: Redefining \Big on input line 723.
LaTeX Info: Redefining \bigg on input line 724.
LaTeX Info: Redefining \Bigg on input line 725.
\big@size=\dimen158
LaTeX Font Info:    Redeclaring font encoding OML on input line 743.
LaTeX Font Info:    Redeclaring font encoding OMS on input line 744.
\macc@depth=\count269
LaTeX Info: Redefining \bmod on input line 905.
LaTeX Info: Redefining \pmod on input line 910.
LaTeX Info: Redefining \smash on input line 940.
LaTeX Info: Redefining \relbar on input line 970.
LaTeX Info: Redefining \Relbar on input line 971.
\c@MaxMatrixCols=\count270
\dotsspace@=\muskip16
\c@parentequation=\count271
\dspbrk@lvl=\count272
\tag@help=\toks19
\row@=\count273
\column@=\count274
\maxfields@=\count275
\andhelp@=\toks20
\eqnshift@=\dimen159
\alignsep@=\dimen160
\tagshift@=\dimen161
\tagwidth@=\dimen162
\totwidth@=\dimen163
\lineht@=\dimen164
\@envbody=\toks21
\multlinegap=\skip51
\multlinetaggap=\skip52
\mathdisplay@stack=\toks22
LaTeX Info: Redefining \[ on input line 2953.
LaTeX Info: Redefining \] on input line 2954.
) (/usr/local/texlive/2023/texmf-dist/tex/latex/pgf/frontendlayer/tikz.sty (/usr/local/texlive/2023/texmf-dist/tex/latex/pgf/basiclayer/pgf.sty (/usr/local/texlive/2023/texmf-dist/tex/latex/pgf/utilities/pgfrcs.sty (/usr/local/texlive/2023/texmf-dist/tex/generic/pgf/utilities/pgfutil-common.tex
\pgfutil@everybye=\toks23
\pgfutil@tempdima=\dimen165
\pgfutil@tempdimb=\dimen166
) (/usr/local/texlive/2023/texmf-dist/tex/generic/pgf/utilities/pgfutil-latex.def
\pgfutil@abb=\box53
) (/usr/local/texlive/2023/texmf-dist/tex/generic/pgf/utilities/pgfrcs.code.tex (/usr/local/texlive/2023/texmf-dist/tex/generic/pgf/pgf.revision.tex)
Package: pgfrcs 2023-01-15 v3.1.10 (3.1.10)
))
Package: pgf 2023-01-15 v3.1.10 (3.1.10)
 (/usr/local/texlive/2023/texmf-dist/tex/latex/pgf/basiclayer/pgfcore.sty (/usr/local/texlive/2023/texmf-dist/tex/latex/pgf/systemlayer/pgfsys.sty (/usr/local/texlive/2023/texmf-dist/tex/generic/pgf/systemlayer/pgfsys.code.tex
Package: pgfsys 2023-01-15 v3.1.10 (3.1.10)
 (/usr/local/texlive/2023/texmf-dist/tex/generic/pgf/utilities/pgfkeys.code.tex
\pgfkeys@pathtoks=\toks24
\pgfkeys@temptoks=\toks25
 (/usr/local/texlive/2023/texmf-dist/tex/generic/pgf/utilities/pgfkeyslibraryfiltered.code.tex
\pgfkeys@tmptoks=\toks26
))
\pgf@x=\dimen167
\pgf@y=\dimen168
\pgf@xa=\dimen169
\pgf@ya=\dimen170
\pgf@xb=\dimen171
\pgf@yb=\dimen172
\pgf@xc=\dimen173
\pgf@yc=\dimen174
\pgf@xd=\dimen175
\pgf@yd=\dimen176
\w@pgf@writea=\write3
\r@pgf@reada=\read2
\c@pgf@counta=\count276
\c@pgf@countb=\count277
\c@pgf@countc=\count278
\c@pgf@countd=\count279
\t@pgf@toka=\toks27
\t@pgf@tokb=\toks28
\t@pgf@tokc=\toks29
\pgf@sys@id@count=\count280
 (/usr/local/texlive/2023/texmf-dist/tex/generic/pgf/systemlayer/pgf.cfg
File: pgf.cfg 2023-01-15 v3.1.10 (3.1.10)
)
Driver file for pgf: pgfsys-pdftex.def
 (/usr/local/texlive/2023/texmf-dist/tex/generic/pgf/systemlayer/pgfsys-pdftex.def
File: pgfsys-pdftex.def 2023-01-15 v3.1.10 (3.1.10)
 (/usr/local/texlive/2023/texmf-dist/tex/generic/pgf/systemlayer/pgfsys-common-pdf.def
File: pgfsys-common-pdf.def 2023-01-15 v3.1.10 (3.1.10)
))) (/usr/local/texlive/2023/texmf-dist/tex/generic/pgf/systemlayer/pgfsyssoftpath.code.tex
File: pgfsyssoftpath.code.tex 2023-01-15 v3.1.10 (3.1.10)
\pgfsyssoftpath@smallbuffer@items=\count281
\pgfsyssoftpath@bigbuffer@items=\count282
) (/usr/local/texlive/2023/texmf-dist/tex/generic/pgf/systemlayer/pgfsysprotocol.code.tex
File: pgfsysprotocol.code.tex 2023-01-15 v3.1.10 (3.1.10)
)) (/usr/local/texlive/2023/texmf-dist/tex/latex/xcolor/xcolor.sty
Package: xcolor 2022/06/12 v2.14 LaTeX color extensions (UK)
 (/usr/local/texlive/2023/texmf-dist/tex/latex/graphics-cfg/color.cfg
File: color.cfg 2016/01/02 v1.6 sample color configuration
)
Package xcolor Info: Driver file: pdftex.def on input line 227.
LaTeX Info: Redefining \color on input line 711.
 (/usr/local/texlive/2023/texmf-dist/tex/latex/graphics/mathcolor.ltx)
Package xcolor Info: Model `cmy' substituted by `cmy0' on input line 1353.
Package xcolor Info: Model `hsb' substituted by `rgb' on input line 1357.
Package xcolor Info: Model `RGB' extended on input line 1369.
Package xcolor Info: Model `HTML' substituted by `rgb' on input line 1371.
Package xcolor Info: Model `Hsb' substituted by `hsb' on input line 1372.
Package xcolor Info: Model `tHsb' substituted by `hsb' on input line 1373.
Package xcolor Info: Model `HSB' substituted by `hsb' on input line 1374.
Package xcolor Info: Model `Gray' substituted by `gray' on input line 1375.
Package xcolor Info: Model `wave' substituted by `hsb' on input line 1376.
) (/usr/local/texlive/2023/texmf-dist/tex/generic/pgf/basiclayer/pgfcore.code.tex
Package: pgfcore 2023-01-15 v3.1.10 (3.1.10)
 (/usr/local/texlive/2023/texmf-dist/tex/generic/pgf/math/pgfmath.code.tex (/usr/local/texlive/2023/texmf-dist/tex/generic/pgf/math/pgfmathutil.code.tex) (/usr/local/texlive/2023/texmf-dist/tex/generic/pgf/math/pgfmathparser.code.tex
\pgfmath@dimen=\dimen177
\pgfmath@count=\count283
\pgfmath@box=\box54
\pgfmath@toks=\toks30
\pgfmath@stack@operand=\toks31
\pgfmath@stack@operation=\toks32
) (/usr/local/texlive/2023/texmf-dist/tex/generic/pgf/math/pgfmathfunctions.code.tex) (/usr/local/texlive/2023/texmf-dist/tex/generic/pgf/math/pgfmathfunctions.basic.code.tex) (/usr/local/texlive/2023/texmf-dist/tex/generic/pgf/math/pgfmathfunctions.trigonometric.code.tex) (/usr/local/texlive/2023/texmf-dist/tex/generic/pgf/math/pgfmathfunctions.random.code.tex) (/usr/local/texlive/2023/texmf-dist/tex/generic/pgf/math/pgfmathfunctions.comparison.code.tex) (/usr/local/texlive/2023/texmf-dist/tex/generic/pgf/math/pgfmathfunctions.base.code.tex) (/usr/local/texlive/2023/texmf-dist/tex/generic/pgf/math/pgfmathfunctions.round.code.tex) (/usr/local/texlive/2023/texmf-dist/tex/generic/pgf/math/pgfmathfunctions.misc.code.tex) (/usr/local/texlive/2023/texmf-dist/tex/generic/pgf/math/pgfmathfunctions.integerarithmetics.code.tex) (/usr/local/texlive/2023/texmf-dist/tex/generic/pgf/math/pgfmathcalc.code.tex) (/usr/local/texlive/2023/texmf-dist/tex/generic/pgf/math/pgfmathfloat.code.tex
\c@pgfmathroundto@lastzeros=\count284
)) (/usr/local/texlive/2023/texmf-dist/tex/generic/pgf/math/pgfint.code.tex) (/usr/local/texlive/2023/texmf-dist/tex/generic/pgf/basiclayer/pgfcorepoints.code.tex
File: pgfcorepoints.code.tex 2023-01-15 v3.1.10 (3.1.10)
\pgf@picminx=\dimen178
\pgf@picmaxx=\dimen179
\pgf@picminy=\dimen180
\pgf@picmaxy=\dimen181
\pgf@pathminx=\dimen182
\pgf@pathmaxx=\dimen183
\pgf@pathminy=\dimen184
\pgf@pathmaxy=\dimen185
\pgf@xx=\dimen186
\pgf@xy=\dimen187
\pgf@yx=\dimen188
\pgf@yy=\dimen189
\pgf@zx=\dimen190
\pgf@zy=\dimen191
) (/usr/local/texlive/2023/texmf-dist/tex/generic/pgf/basiclayer/pgfcorepathconstruct.code.tex
File: pgfcorepathconstruct.code.tex 2023-01-15 v3.1.10 (3.1.10)
\pgf@path@lastx=\dimen192
\pgf@path@lasty=\dimen193
) (/usr/local/texlive/2023/texmf-dist/tex/generic/pgf/basiclayer/pgfcorepathusage.code.tex
File: pgfcorepathusage.code.tex 2023-01-15 v3.1.10 (3.1.10)
\pgf@shorten@end@additional=\dimen194
\pgf@shorten@start@additional=\dimen195
) (/usr/local/texlive/2023/texmf-dist/tex/generic/pgf/basiclayer/pgfcorescopes.code.tex
File: pgfcorescopes.code.tex 2023-01-15 v3.1.10 (3.1.10)
\pgfpic=\box55
\pgf@hbox=\box56
\pgf@layerbox@main=\box57
\pgf@picture@serial@count=\count285
) (/usr/local/texlive/2023/texmf-dist/tex/generic/pgf/basiclayer/pgfcoregraphicstate.code.tex
File: pgfcoregraphicstate.code.tex 2023-01-15 v3.1.10 (3.1.10)
\pgflinewidth=\dimen196
) (/usr/local/texlive/2023/texmf-dist/tex/generic/pgf/basiclayer/pgfcoretransformations.code.tex
File: pgfcoretransformations.code.tex 2023-01-15 v3.1.10 (3.1.10)
\pgf@pt@x=\dimen197
\pgf@pt@y=\dimen198
\pgf@pt@temp=\dimen199
) (/usr/local/texlive/2023/texmf-dist/tex/generic/pgf/basiclayer/pgfcorequick.code.tex
File: pgfcorequick.code.tex 2023-01-15 v3.1.10 (3.1.10)
) (/usr/local/texlive/2023/texmf-dist/tex/generic/pgf/basiclayer/pgfcoreobjects.code.tex
File: pgfcoreobjects.code.tex 2023-01-15 v3.1.10 (3.1.10)
) (/usr/local/texlive/2023/texmf-dist/tex/generic/pgf/basiclayer/pgfcorepathprocessing.code.tex
File: pgfcorepathprocessing.code.tex 2023-01-15 v3.1.10 (3.1.10)
) (/usr/local/texlive/2023/texmf-dist/tex/generic/pgf/basiclayer/pgfcorearrows.code.tex
File: pgfcorearrows.code.tex 2023-01-15 v3.1.10 (3.1.10)
\pgfarrowsep=\dimen256
) (/usr/local/texlive/2023/texmf-dist/tex/generic/pgf/basiclayer/pgfcoreshade.code.tex
File: pgfcoreshade.code.tex 2023-01-15 v3.1.10 (3.1.10)
\pgf@max=\dimen257
\pgf@sys@shading@range@num=\count286
\pgf@shadingcount=\count287
) (/usr/local/texlive/2023/texmf-dist/tex/generic/pgf/basiclayer/pgfcoreimage.code.tex
File: pgfcoreimage.code.tex 2023-01-15 v3.1.10 (3.1.10)
) (/usr/local/texlive/2023/texmf-dist/tex/generic/pgf/basiclayer/pgfcoreexternal.code.tex
File: pgfcoreexternal.code.tex 2023-01-15 v3.1.10 (3.1.10)
\pgfexternal@startupbox=\box58
) (/usr/local/texlive/2023/texmf-dist/tex/generic/pgf/basiclayer/pgfcorelayers.code.tex
File: pgfcorelayers.code.tex 2023-01-15 v3.1.10 (3.1.10)
) (/usr/local/texlive/2023/texmf-dist/tex/generic/pgf/basiclayer/pgfcoretransparency.code.tex
File: pgfcoretransparency.code.tex 2023-01-15 v3.1.10 (3.1.10)
) (/usr/local/texlive/2023/texmf-dist/tex/generic/pgf/basiclayer/pgfcorepatterns.code.tex
File: pgfcorepatterns.code.tex 2023-01-15 v3.1.10 (3.1.10)
) (/usr/local/texlive/2023/texmf-dist/tex/generic/pgf/basiclayer/pgfcorerdf.code.tex
File: pgfcorerdf.code.tex 2023-01-15 v3.1.10 (3.1.10)
))) (/usr/local/texlive/2023/texmf-dist/tex/generic/pgf/modules/pgfmoduleshapes.code.tex
File: pgfmoduleshapes.code.tex 2023-01-15 v3.1.10 (3.1.10)
\pgfnodeparttextbox=\box59
) (/usr/local/texlive/2023/texmf-dist/tex/generic/pgf/modules/pgfmoduleplot.code.tex
File: pgfmoduleplot.code.tex 2023-01-15 v3.1.10 (3.1.10)
) (/usr/local/texlive/2023/texmf-dist/tex/latex/pgf/compatibility/pgfcomp-version-0-65.sty
Package: pgfcomp-version-0-65 2023-01-15 v3.1.10 (3.1.10)
\pgf@nodesepstart=\dimen258
\pgf@nodesepend=\dimen259
) (/usr/local/texlive/2023/texmf-dist/tex/latex/pgf/compatibility/pgfcomp-version-1-18.sty
Package: pgfcomp-version-1-18 2023-01-15 v3.1.10 (3.1.10)
)) (/usr/local/texlive/2023/texmf-dist/tex/latex/pgf/utilities/pgffor.sty (/usr/local/texlive/2023/texmf-dist/tex/latex/pgf/utilities/pgfkeys.sty (/usr/local/texlive/2023/texmf-dist/tex/generic/pgf/utilities/pgfkeys.code.tex)) (/usr/local/texlive/2023/texmf-dist/tex/latex/pgf/math/pgfmath.sty (/usr/local/texlive/2023/texmf-dist/tex/generic/pgf/math/pgfmath.code.tex)) (/usr/local/texlive/2023/texmf-dist/tex/generic/pgf/utilities/pgffor.code.tex
Package: pgffor 2023-01-15 v3.1.10 (3.1.10)
\pgffor@iter=\dimen260
\pgffor@skip=\dimen261
\pgffor@stack=\toks33
\pgffor@toks=\toks34
)) (/usr/local/texlive/2023/texmf-dist/tex/generic/pgf/frontendlayer/tikz/tikz.code.tex
Package: tikz 2023-01-15 v3.1.10 (3.1.10)
 (/usr/local/texlive/2023/texmf-dist/tex/generic/pgf/libraries/pgflibraryplothandlers.code.tex
File: pgflibraryplothandlers.code.tex 2023-01-15 v3.1.10 (3.1.10)
\pgf@plot@mark@count=\count288
\pgfplotmarksize=\dimen262
)
\tikz@lastx=\dimen263
\tikz@lasty=\dimen264
\tikz@lastxsaved=\dimen265
\tikz@lastysaved=\dimen266
\tikz@lastmovetox=\dimen267
\tikz@lastmovetoy=\dimen268
\tikzleveldistance=\dimen269
\tikzsiblingdistance=\dimen270
\tikz@figbox=\box60
\tikz@figbox@bg=\box61
\tikz@tempbox=\box62
\tikz@tempbox@bg=\box63
\tikztreelevel=\count289
\tikznumberofchildren=\count290
\tikznumberofcurrentchild=\count291
\tikz@fig@count=\count292
 (/usr/local/texlive/2023/texmf-dist/tex/generic/pgf/modules/pgfmodulematrix.code.tex
File: pgfmodulematrix.code.tex 2023-01-15 v3.1.10 (3.1.10)
\pgfmatrixcurrentrow=\count293
\pgfmatrixcurrentcolumn=\count294
\pgf@matrix@numberofcolumns=\count295
)
\tikz@expandcount=\count296
 (/usr/local/texlive/2023/texmf-dist/tex/generic/pgf/frontendlayer/tikz/libraries/tikzlibrarytopaths.code.tex
File: tikzlibrarytopaths.code.tex 2023-01-15 v3.1.10 (3.1.10)
))) (/usr/local/texlive/2023/texmf-dist/tex/generic/pgf/libraries/pgflibraryarrows.meta.code.tex
File: pgflibraryarrows.meta.code.tex 2023-01-15 v3.1.10 (3.1.10)
\pgfarrowinset=\dimen271
\pgfarrowlength=\dimen272
\pgfarrowwidth=\dimen273
\pgfarrowlinewidth=\dimen274
) (/usr/local/texlive/2023/texmf-dist/tex/generic/pgf/frontendlayer/tikz/libraries/tikzlibrarypositioning.code.tex
File: tikzlibrarypositioning.code.tex 2023-01-15 v3.1.10 (3.1.10)
) (/usr/local/texlive/2023/texmf-dist/tex/latex/biblatex/biblatex.sty
Package: biblatex 2023/03/05 v3.19 programmable bibliographies (PK/MW)
 (/usr/local/texlive/2023/texmf-dist/tex/generic/pdftexcmds/pdftexcmds.sty
Package: pdftexcmds 2020-06-27 v0.33 Utility functions of pdfTeX for LuaTeX (HO)
 (/usr/local/texlive/2023/texmf-dist/tex/generic/infwarerr/infwarerr.sty
Package: infwarerr 2019/12/03 v1.5 Providing info/warning/error messages (HO)
) (/usr/local/texlive/2023/texmf-dist/tex/generic/iftex/iftex.sty
Package: iftex 2022/02/03 v1.0f TeX engine tests
) (/usr/local/texlive/2023/texmf-dist/tex/generic/ltxcmds/ltxcmds.sty
Package: ltxcmds 2020-05-10 v1.25 LaTeX kernel commands for general use (HO)
)
Package pdftexcmds Info: \pdf@primitive is available.
Package pdftexcmds Info: \pdf@ifprimitive is available.
Package pdftexcmds Info: \pdfdraftmode found.
) (/usr/local/texlive/2023/texmf-dist/tex/latex/etoolbox/etoolbox.sty
Package: etoolbox 2020/10/05 v2.5k e-TeX tools for LaTeX (JAW)
\etb@tempcnta=\count297
) (/usr/local/texlive/2023/texmf-dist/tex/latex/kvoptions/kvoptions.sty
Package: kvoptions 2022-06-15 v3.15 Key value format for package options (HO)
 (/usr/local/texlive/2023/texmf-dist/tex/latex/kvsetkeys/kvsetkeys.sty
Package: kvsetkeys 2022-10-05 v1.19 Key value parser (HO)
)) (/usr/local/texlive/2023/texmf-dist/tex/latex/logreq/logreq.sty
Package: logreq 2010/08/04 v1.0 xml request logger
\lrq@indent=\count298
 (/usr/local/texlive/2023/texmf-dist/tex/latex/logreq/logreq.def
File: logreq.def 2010/08/04 v1.0 logreq spec v1.0
)) (/usr/local/texlive/2023/texmf-dist/tex/latex/base/ifthen.sty
Package: ifthen 2022/04/13 v1.1d Standard LaTeX ifthen package (DPC)
) (/usr/local/texlive/2023/texmf-dist/tex/latex/url/url.sty
\Urlmuskip=\muskip17
Package: url 2013/09/16  ver 3.4  Verb mode for urls, etc.
)
\c@tabx@nest=\count299
\c@listtotal=\count300
\c@listcount=\count301
\c@liststart=\count302
\c@liststop=\count303
\c@citecount=\count304
\c@citetotal=\count305
\c@multicitecount=\count306
\c@multicitetotal=\count307
\c@instcount=\count308
\c@maxnames=\count309
\c@minnames=\count310
\c@maxitems=\count311
\c@minitems=\count312
\c@citecounter=\count313
\c@maxcitecounter=\count314
\c@savedcitecounter=\count315
\c@uniquelist=\count316
\c@uniquename=\count317
\c@refsection=\count318
\c@refsegment=\count319
\c@maxextratitle=\count320
\c@maxextratitleyear=\count321
\c@maxextraname=\count322
\c@maxextradate=\count323
\c@maxextraalpha=\count324
\c@abbrvpenalty=\count325
\c@highnamepenalty=\count326
\c@lownamepenalty=\count327
\c@maxparens=\count328
\c@parenlevel=\count329
\blx@tempcnta=\count330
\blx@tempcntb=\count331
\blx@tempcntc=\count332
\c@blx@maxsection=\count333
\blx@maxsegment@0=\count334
\blx@notetype=\count335
\blx@parenlevel@text=\count336
\blx@parenlevel@foot=\count337
\blx@sectionciteorder@0=\count338
\blx@sectionciteorderinternal@0=\count339
\blx@entrysetcounter=\count340
\blx@biblioinstance=\count341
\labelnumberwidth=\skip53
\labelalphawidth=\skip54
\biblabelsep=\skip55
\bibitemsep=\skip56
\bibnamesep=\skip57
\bibinitsep=\skip58
\bibparsep=\skip59
\bibhang=\skip60
\blx@bcfin=\read3
\blx@bcfout=\write4
\blx@langwohyphens=\language87
\c@mincomprange=\count342
\c@maxcomprange=\count343
\c@mincompwidth=\count344
Package biblatex Info: Trying to load biblatex default data model...
Package biblatex Info: ... file 'blx-dm.def' found.
 (/usr/local/texlive/2023/texmf-dist/tex/latex/biblatex/blx-dm.def
File: blx-dm.def 2023/03/05 v3.19 biblatex localization (PK/MW)
)
Package biblatex Info: Trying to load biblatex style data model...
Package biblatex Info: ... file 'ieee.dbx' not found.
Package biblatex Info: Trying to load biblatex custom data model...
Package biblatex Info: ... file 'biblatex-dm.cfg' not found.
\c@afterword=\count345
\c@savedafterword=\count346
\c@annotator=\count347
\c@savedannotator=\count348
\c@author=\count349
\c@savedauthor=\count350
\c@bookauthor=\count351
\c@savedbookauthor=\count352
\c@commentator=\count353
\c@savedcommentator=\count354
\c@editor=\count355
\c@savededitor=\count356
\c@editora=\count357
\c@savededitora=\count358
\c@editorb=\count359
\c@savededitorb=\count360
\c@editorc=\count361
\c@savededitorc=\count362
\c@foreword=\count363
\c@savedforeword=\count364
\c@holder=\count365
\c@savedholder=\count366
\c@introduction=\count367
\c@savedintroduction=\count368
\c@namea=\count369
\c@savednamea=\count370
\c@nameb=\count371
\c@savednameb=\count372
\c@namec=\count373
\c@savednamec=\count374
\c@translator=\count375
\c@savedtranslator=\count376
\c@shortauthor=\count377
\c@savedshortauthor=\count378
\c@shorteditor=\count379
\c@savedshorteditor=\count380
\c@labelname=\count381
\c@savedlabelname=\count382
\c@institution=\count383
\c@savedinstitution=\count384
\c@lista=\count385
\c@savedlista=\count386
\c@listb=\count387
\c@savedlistb=\count388
\c@listc=\count389
\c@savedlistc=\count390
\c@listd=\count391
\c@savedlistd=\count392
\c@liste=\count393
\c@savedliste=\count394
\c@listf=\count395
\c@savedlistf=\count396
\c@location=\count397
\c@savedlocation=\count398
\c@organization=\count399
\c@savedorganization=\count400
\c@origlocation=\count401
\c@savedoriglocation=\count402
\c@origpublisher=\count403
\c@savedorigpublisher=\count404
\c@publisher=\count405
\c@savedpublisher=\count406
\c@language=\count407
\c@savedlanguage=\count408
\c@origlanguage=\count409
\c@savedoriglanguage=\count410
\c@pageref=\count411
\c@savedpageref=\count412
\shorthandwidth=\skip61
\shortjournalwidth=\skip62
\shortserieswidth=\skip63
\shorttitlewidth=\skip64
\shortauthorwidth=\skip65
\shorteditorwidth=\skip66
\locallabelnumberwidth=\skip67
\locallabelalphawidth=\skip68
\localshorthandwidth=\skip69
\localshortjournalwidth=\skip70
\localshortserieswidth=\skip71
\localshorttitlewidth=\skip72
\localshortauthorwidth=\skip73
\localshorteditorwidth=\skip74
Package biblatex Info: Trying to load compatibility code...
Package biblatex Info: ... file 'blx-compat.def' found.
 (/usr/local/texlive/2023/texmf-dist/tex/latex/biblatex/blx-compat.def
File: blx-compat.def 2023/03/05 v3.19 biblatex compatibility (PK/MW)
)
Package biblatex Info: Trying to load generic definitions...
Package biblatex Info: ... file 'biblatex.def' found.
 (/usr/local/texlive/2023/texmf-dist/tex/latex/biblatex/biblatex.def
File: biblatex.def 2023/03/05 v3.19 biblatex compatibility (PK/MW)
\c@textcitecount=\count413
\c@textcitetotal=\count414
\c@textcitemaxnames=\count415
\c@biburlbigbreakpenalty=\count416
\c@biburlbreakpenalty=\count417
\c@biburlnumpenalty=\count418
\c@biburlucpenalty=\count419
\c@biburllcpenalty=\count420
\biburlbigskip=\muskip18
\biburlnumskip=\muskip19
\biburlucskip=\muskip20
\biburllcskip=\muskip21
\c@smartand=\count421
)
Package biblatex Info: Trying to load bibliography style 'ieee'...
Package biblatex Info: ... file 'ieee.bbx' found.
 (/usr/local/texlive/2023/texmf-dist/tex/latex/biblatex-ieee/ieee.bbx
File: ieee.bbx 2021/12/06 v1.3f biblatex bibliography style
Package biblatex Info: Trying to load bibliography style 'numeric-comp'...
Package biblatex Info: ... file 'numeric-comp.bbx' found.
 (/usr/local/texlive/2023/texmf-dist/tex/latex/biblatex/bbx/numeric-comp.bbx
File: numeric-comp.bbx 2023/03/05 v3.19 biblatex bibliography style (PK/MW)
Package biblatex Info: Trying to load bibliography style 'numeric'...
Package biblatex Info: ... file 'numeric.bbx' found.
 (/usr/local/texlive/2023/texmf-dist/tex/latex/biblatex/bbx/numeric.bbx
File: numeric.bbx 2023/03/05 v3.19 biblatex bibliography style (PK/MW)
Package biblatex Info: Trying to load bibliography style 'standard'...
Package biblatex Info: ... file 'standard.bbx' found.
 (/usr/local/texlive/2023/texmf-dist/tex/latex/biblatex/bbx/standard.bbx
File: standard.bbx 2023/03/05 v3.19 biblatex bibliography style (PK/MW)
\c@bbx:relatedcount=\count422
\c@bbx:relatedtotal=\count423
))))
Package biblatex Info: Trying to load citation style 'ieee'...
Package biblatex Info: ... file 'ieee.cbx' found.
 (/usr/local/texlive/2023/texmf-dist/tex/latex/biblatex-ieee/ieee.cbx
File: ieee.cbx 2021/12/06 v1.3f biblatex citation style
Package biblatex Info: Trying to load citation style 'numeric-comp'...
Package biblatex Info: ... file 'numeric-comp.cbx' found.
 (/usr/local/texlive/2023/texmf-dist/tex/latex/biblatex/cbx/numeric-comp.cbx
File: numeric-comp.cbx 2023/03/05 v3.19 biblatex citation style (PK/MW)
\c@cbx@tempcnta=\count424
\c@cbx@tempcntb=\count425
\c@cbx@tempcntc=\count426
\c@cbx@tempcntd=\count427
Package biblatex Info: Redefining '\cite'.
Package biblatex Info: Redefining '\parencite'.
Package biblatex Info: Redefining '\footcite'.
Package biblatex Info: Redefining '\footcitetext'.
Package biblatex Info: Redefining '\smartcite'.
Package biblatex Info: Redefining '\supercite'.
Package biblatex Info: Redefining '\textcite'.
Package biblatex Info: Redefining '\textcites'.
Package biblatex Info: Redefining '\cites'.
Package biblatex Info: Redefining '\parencites'.
Package biblatex Info: Redefining '\smartcites'.
)
Package biblatex Info: Redefining '\cite'.
Package biblatex Info: Redefining '\supercite'.
Package biblatex Info: Redefining '\cites'.
)
Package biblatex Info: Trying to load configuration file...
Package biblatex Info: ... file 'biblatex.cfg' found.
 (/usr/local/texlive/2023/texmf-dist/tex/latex/biblatex/biblatex.cfg
File: biblatex.cfg 
)
Package biblatex Info: Input encoding 'utf8' detected.
Package biblatex Info: Document encoding is UTF8 ....
 (/usr/local/texlive/2023/texmf-dist/tex/latex/l3kernel/expl3.sty
Package: expl3 2023-02-22 L3 programming layer (loader) 
 (/usr/local/texlive/2023/texmf-dist/tex/latex/l3backend/l3backend-pdftex.def
File: l3backend-pdftex.def 2023-01-16 L3 backend support: PDF output (pdfTeX)
\l__color_backend_stack_int=\count428
\l__pdf_internal_box=\box64
))
Package biblatex Info: ... and expl3
(biblatex)             2023-02-22 L3 programming layer (loader) 
(biblatex)             is new enough (at least 2020/04/06),
(biblatex)             setting 'casechanger=expl3'.
 (/usr/local/texlive/2023/texmf-dist/tex/latex/biblatex/blx-case-expl3.sty (/usr/local/texlive/2023/texmf-dist/tex/latex/l3packages/xparse/xparse.sty
Package: xparse 2023-02-02 L3 Experimental document command parser
)
Package: blx-case-expl3 2023/03/05 v3.19 expl3 case changing code for biblatex
)) (/usr/local/texlive/2023/texmf-dist/tex/latex/fancyvrb/fancyvrb.sty
Package: fancyvrb 2023/01/19 4.5a verbatim text (tvz,hv)
\FV@CodeLineNo=\count429
\FV@InFile=\read4
\FV@TabBox=\box65
\c@FancyVerbLine=\count430
\FV@StepNumber=\count431
\FV@OutFile=\write5
) (/usr/local/texlive/2023/texmf-dist/tex/latex/float/float.sty
Package: float 2001/11/08 v1.3d Float enhancements (AL)
\c@float@type=\count432
\float@exts=\toks35
\float@box=\box66
\@float@everytoks=\toks36
\@floatcapt=\box67
) (/usr/local/texlive/2023/texmf-dist/tex/latex/multirow/multirow.sty
Package: multirow 2021/03/15 v2.8 Span multiple rows of a table
\multirow@colwidth=\skip75
\multirow@cntb=\count433
\multirow@dima=\skip76
\bigstrutjot=\dimen275
) (/usr/local/texlive/2023/texmf-dist/tex/latex/threeparttable/threeparttable.sty
Package: threeparttable 2003/06/13  v 3.0
\@tempboxb=\box68
) (/usr/local/texlive/2023/texmf-dist/tex/latex/pdfpages/pdfpages.sty
Package: pdfpages 2022/12/19 v0.5x Insert pages of external PDF documents (AM)
 (/usr/local/texlive/2023/texmf-dist/tex/latex/tools/calc.sty
Package: calc 2017/05/25 v4.3 Infix arithmetic (KKT,FJ)
\calc@Acount=\count434
\calc@Bcount=\count435
\calc@Adimen=\dimen276
\calc@Bdimen=\dimen277
\calc@Askip=\skip77
\calc@Bskip=\skip78
LaTeX Info: Redefining \setlength on input line 80.
LaTeX Info: Redefining \addtolength on input line 81.
\calc@Ccount=\count436
\calc@Cskip=\skip79
) (/usr/local/texlive/2023/texmf-dist/tex/latex/eso-pic/eso-pic.sty
Package: eso-pic 2020/10/14 v3.0a eso-pic (RN)
\ESO@tempdima=\dimen278
\ESO@tempdimb=\dimen279
)
\AM@pagewidth=\dimen280
\AM@pageheight=\dimen281
\AM@fboxrule=\dimen282
 (/usr/local/texlive/2023/texmf-dist/tex/latex/pdfpages/pppdftex.def
File: pppdftex.def 2022/12/19 v0.5x Pdfpages driver for pdfTeX (AM)
)
\pdfpages@includegraphics@status=\count437
\AM@pagebox=\box69
\AM@global@opts=\toks37
\AM@pagecnt=\count438
\AM@toc@title=\toks38
\AM@lof@heading=\toks39
\c@AM@survey=\count439
\AM@templatesizebox=\box70
) (/usr/local/texlive/2023/texmf-dist/tex/latex/siunitx/siunitx.sty
Package: siunitx 2023-03-04 v3.2.2 A comprehensive (SI) units package
\l__siunitx_angle_tmp_dim=\dimen283
\l__siunitx_angle_marker_box=\box71
\l__siunitx_angle_unit_box=\box72
\l__siunitx_compound_count_int=\count440
 (/usr/local/texlive/2023/texmf-dist/tex/latex/translations/translations.sty
Package: translations 2022/02/05 v1.12 internationalization of LaTeX2e packages (CN)
)
\l__siunitx_number_exponent_fixed_int=\count441
\l__siunitx_number_min_decimal_int=\count442
\l__siunitx_number_min_integer_int=\count443
\l__siunitx_number_round_precision_int=\count444
\l__siunitx_number_lower_threshold_int=\count445
\l__siunitx_number_upper_threshold_int=\count446
\l__siunitx_number_group_first_int=\count447
\l__siunitx_number_group_size_int=\count448
\l__siunitx_number_group_minimum_int=\count449
\l__siunitx_table_tmp_box=\box73
\l__siunitx_table_tmp_dim=\dimen284
\l__siunitx_table_column_width_dim=\dimen285
\l__siunitx_table_integer_box=\box74
\l__siunitx_table_decimal_box=\box75
\l__siunitx_table_uncert_box=\box76
\l__siunitx_table_before_box=\box77
\l__siunitx_table_after_box=\box78
\l__siunitx_table_before_dim=\dimen286
\l__siunitx_table_carry_dim=\dimen287
\l__siunitx_unit_tmp_int=\count450
\l__siunitx_unit_position_int=\count451
\l__siunitx_unit_total_int=\count452
 (/usr/local/texlive/2023/texmf-dist/tex/latex/tools/array.sty
Package: array 2022/09/04 v2.5g Tabular extension package (FMi)
\col@sep=\dimen288
\ar@mcellbox=\box79
\extrarowheight=\dimen289
\NC@list=\toks40
\extratabsurround=\skip80
\backup@length=\skip81
\ar@cellbox=\box80
)) (/usr/local/texlive/2023/texmf-dist/tex/latex/geometry/geometry.sty
Package: geometry 2020/01/02 v5.9 Page Geometry
 (/usr/local/texlive/2023/texmf-dist/tex/generic/iftex/ifvtex.sty
Package: ifvtex 2019/10/25 v1.7 ifvtex legacy package. Use iftex instead.
)
\Gm@cnth=\count453
\Gm@cntv=\count454
\c@Gm@tempcnt=\count455
\Gm@bindingoffset=\dimen290
\Gm@wd@mp=\dimen291
\Gm@odd@mp=\dimen292
\Gm@even@mp=\dimen293
\Gm@layoutwidth=\dimen294
\Gm@layoutheight=\dimen295
\Gm@layouthoffset=\dimen296
\Gm@layoutvoffset=\dimen297
\Gm@dimlist=\toks41
) (/usr/local/texlive/2023/texmf-dist/tex/latex/hyperref/hyperref.sty
Package: hyperref 2023-02-07 v7.00v Hypertext links for LaTeX
 (/usr/local/texlive/2023/texmf-dist/tex/generic/kvdefinekeys/kvdefinekeys.sty
Package: kvdefinekeys 2019-12-19 v1.6 Define keys (HO)
) (/usr/local/texlive/2023/texmf-dist/tex/generic/pdfescape/pdfescape.sty
Package: pdfescape 2019/12/09 v1.15 Implements pdfTeX's escape features (HO)
) (/usr/local/texlive/2023/texmf-dist/tex/latex/hycolor/hycolor.sty
Package: hycolor 2020-01-27 v1.10 Color options for hyperref/bookmark (HO)
) (/usr/local/texlive/2023/texmf-dist/tex/latex/letltxmacro/letltxmacro.sty
Package: letltxmacro 2019/12/03 v1.6 Let assignment for LaTeX macros (HO)
) (/usr/local/texlive/2023/texmf-dist/tex/latex/auxhook/auxhook.sty
Package: auxhook 2019-12-17 v1.6 Hooks for auxiliary files (HO)
) (/usr/local/texlive/2023/texmf-dist/tex/latex/hyperref/nameref.sty
Package: nameref 2022-05-17 v2.50 Cross-referencing by name of section
 (/usr/local/texlive/2023/texmf-dist/tex/latex/refcount/refcount.sty
Package: refcount 2019/12/15 v3.6 Data extraction from label references (HO)
) (/usr/local/texlive/2023/texmf-dist/tex/generic/gettitlestring/gettitlestring.sty
Package: gettitlestring 2019/12/15 v1.6 Cleanup title references (HO)
)
\c@section@level=\count456
)
\@linkdim=\dimen298
\Hy@linkcounter=\count457
\Hy@pagecounter=\count458
 (/usr/local/texlive/2023/texmf-dist/tex/latex/hyperref/pd1enc.def
File: pd1enc.def 2023-02-07 v7.00v Hyperref: PDFDocEncoding definition (HO)
Now handling font encoding PD1 ...
... no UTF-8 mapping file for font encoding PD1
) (/usr/local/texlive/2023/texmf-dist/tex/generic/intcalc/intcalc.sty
Package: intcalc 2019/12/15 v1.3 Expandable calculations with integers (HO)
) (/usr/local/texlive/2023/texmf-dist/tex/generic/etexcmds/etexcmds.sty
Package: etexcmds 2019/12/15 v1.7 Avoid name clashes with e-TeX commands (HO)
)
\Hy@SavedSpaceFactor=\count459
 (/usr/local/texlive/2023/texmf-dist/tex/latex/hyperref/puenc.def
File: puenc.def 2023-02-07 v7.00v Hyperref: PDF Unicode definition (HO)
Now handling font encoding PU ...
... no UTF-8 mapping file for font encoding PU
)
Package hyperref Info: Hyper figures OFF on input line 4177.
Package hyperref Info: Link nesting OFF on input line 4182.
Package hyperref Info: Hyper index ON on input line 4185.
Package hyperref Info: Plain pages OFF on input line 4192.
Package hyperref Info: Backreferencing OFF on input line 4197.
Package hyperref Info: Implicit mode ON; LaTeX internals redefined.
Package hyperref Info: Bookmarks ON on input line 4425.
\c@Hy@tempcnt=\count460
LaTeX Info: Redefining \url on input line 4763.
\XeTeXLinkMargin=\dimen299
 (/usr/local/texlive/2023/texmf-dist/tex/generic/bitset/bitset.sty
Package: bitset 2019/12/09 v1.3 Handle bit-vector datatype (HO)
 (/usr/local/texlive/2023/texmf-dist/tex/generic/bigintcalc/bigintcalc.sty
Package: bigintcalc 2019/12/15 v1.5 Expandable calculations on big integers (HO)
))
\Fld@menulength=\count461
\Field@Width=\dimen300
\Fld@charsize=\dimen301
Package hyperref Info: Hyper figures OFF on input line 6042.
Package hyperref Info: Link nesting OFF on input line 6047.
Package hyperref Info: Hyper index ON on input line 6050.
Package hyperref Info: backreferencing OFF on input line 6057.
Package hyperref Info: Link coloring OFF on input line 6062.
Package hyperref Info: Link coloring with OCG OFF on input line 6067.
Package hyperref Info: PDF/A mode OFF on input line 6072.
 (/usr/local/texlive/2023/texmf-dist/tex/latex/base/atbegshi-ltx.sty
Package: atbegshi-ltx 2021/01/10 v1.0c Emulation of the original atbegshi
package with kernel methods
)
\Hy@abspage=\count462
\c@Item=\count463
\c@Hfootnote=\count464
)
Package hyperref Info: Driver (autodetected): hpdftex.

(/usr/local/texlive/2023/texmf-dist/tex/latex/hyperref/hpdftex.def
File: hpdftex.def 2023-02-07 v7.00v Hyperref driver for pdfTeX
 (/usr/local/texlive/2023/texmf-dist/tex/latex/base/atveryend-ltx.sty
Package: atveryend-ltx 2020/08/19 v1.0a Emulation of the original atveryend package
with kernel methods
)
\Fld@listcount=\count465
\c@bookmark@seq@number=\count466
 (/usr/local/texlive/2023/texmf-dist/tex/latex/rerunfilecheck/rerunfilecheck.sty
Package: rerunfilecheck 2022-07-10 v1.10 Rerun checks for auxiliary files (HO)
 (/usr/local/texlive/2023/texmf-dist/tex/generic/uniquecounter/uniquecounter.sty
Package: uniquecounter 2019/12/15 v1.4 Provide unlimited unique counter (HO)
)
Package uniquecounter Info: New unique counter `rerunfilecheck' on input line 285.
)
\Hy@SectionHShift=\skip82
)
\c@theorem=\count467
\@quotelevel=\count468
\@quotereset=\count469
Package translations Info: No language package found. I am going to use `english' as default language. on input line 66.

No file main.aux.
\openout1 = `main.aux'.

LaTeX Font Info:    Checking defaults for OML/cmm/m/it on input line 66.
LaTeX Font Info:    ... okay on input line 66.
LaTeX Font Info:    Checking defaults for OMS/cmsy/m/n on input line 66.
LaTeX Font Info:    ... okay on input line 66.
LaTeX Font Info:    Checking defaults for OT1/cmr/m/n on input line 66.
LaTeX Font Info:    ... okay on input line 66.
LaTeX Font Info:    Checking defaults for T1/cmr/m/n on input line 66.
LaTeX Font Info:    ... okay on input line 66.
LaTeX Font Info:    Checking defaults for TS1/cmr/m/n on input line 66.
LaTeX Font Info:    ... okay on input line 66.
LaTeX Font Info:    Checking defaults for OMX/cmex/m/n on input line 66.
LaTeX Font Info:    ... okay on input line 66.
LaTeX Font Info:    Checking defaults for U/cmr/m/n on input line 66.
LaTeX Font Info:    ... okay on input line 66.
LaTeX Font Info:    Checking defaults for PD1/pdf/m/n on input line 66.
LaTeX Font Info:    ... okay on input line 66.
LaTeX Font Info:    Checking defaults for PU/pdf/m/n on input line 66.
LaTeX Font Info:    ... okay on input line 66.
(/usr/local/texlive/2023/texmf-dist/tex/context/base/mkii/supp-pdf.mkii
[Loading MPS to PDF converter (version 2006.09.02).]
\scratchcounter=\count470
\scratchdimen=\dimen302
\scratchbox=\box81
\nofMPsegments=\count471
\nofMParguments=\count472
\everyMPshowfont=\toks42
\MPscratchCnt=\count473
\MPscratchDim=\dimen303
\MPnumerator=\count474
\makeMPintoPDFobject=\count475
\everyMPtoPDFconversion=\toks43
) (/usr/local/texlive/2023/texmf-dist/tex/latex/epstopdf-pkg/epstopdf-base.sty
Package: epstopdf-base 2020-01-24 v2.11 Base part for package epstopdf
Package epstopdf-base Info: Redefining graphics rule for `.eps' on input line 485.
 (/usr/local/texlive/2023/texmf-dist/tex/latex/latexconfig/epstopdf-sys.cfg
File: epstopdf-sys.cfg 2010/07/13 v1.3 Configuration of (r)epstopdf for TeX Live
))
Package biblatex Info: Trying to load language 'english'...
Package biblatex Info: ... file 'english.lbx' found.
 (/usr/local/texlive/2023/texmf-dist/tex/latex/biblatex/lbx/english.lbx
File: english.lbx 2023/03/05 v3.19 biblatex localization (PK/MW)
)
Package biblatex Info: Input encoding 'utf8' detected.
Package biblatex Info: Automatic encoding selection.
(biblatex)             Assuming data encoding 'utf8'.
\openout4 = `main.bcf'.

Package biblatex Info: Trying to load bibliographic data...
Package biblatex Info: ... file 'main.bbl' not found.

No file main.bbl.
Package biblatex Info: Reference section=0 on input line 66.
Package biblatex Info: Reference segment=0 on input line 66.
(/usr/local/texlive/2023/texmf-dist/tex/latex/pdflscape/pdflscape.sty
Package: pdflscape 2022-10-27 v0.13 Display of landscape pages in PDF
 (/usr/local/texlive/2023/texmf-dist/tex/latex/pdflscape/pdflscape-nometadata.sty
Package: pdflscape-nometadata 2022-10-28 v0.13 Display of landscape pages in PDF (HO)
 (/usr/local/texlive/2023/texmf-dist/tex/latex/graphics/lscape.sty
Package: lscape 2020/05/28 v3.02 Landscape Pages (DPC)
)
Package pdflscape Info: Auto-detected driver: pdftex on input line 81.
)) (/usr/local/texlive/2023/texmf-dist/tex/latex/translations/translations-basic-dictionary-english.trsl
File: translations-basic-dictionary-english.trsl (english translation file `translations-basic-dictionary')
)
Package translations Info: loading dictionary `translations-basic-dictionary' for `english'. on input line 66.

*geometry* driver: auto-detecting
*geometry* detected driver: pdftex
*geometry* verbose mode - [ preamble ] result:
* driver: pdftex
* paper: a4paper
* layout: <same size as paper>
* layoutoffset:(h,v)=(0.0pt,0.0pt)
* modes: 
* h-part:(L,W,R)=(85.35826pt, 426.79135pt, 85.35826pt)
* v-part:(T,H,B)=(85.35826pt, 688.5567pt, 71.13188pt)
* \paperwidth=597.50787pt
* \paperheight=845.04684pt
* \textwidth=426.79135pt
* \textheight=688.5567pt
* \oddsidemargin=13.08827pt
* \evensidemargin=13.08827pt
* \topmargin=-23.91173pt
* \headheight=12.0pt
* \headsep=25.0pt
* \topskip=10.0pt
* \footskip=30.0pt
* \marginparwidth=57.0pt
* \marginparsep=11.0pt
* \columnsep=10.0pt
* \skip\footins=9.0pt plus 4.0pt minus 2.0pt
* \hoffset=0.0pt
* \voffset=0.0pt
* \mag=1000
* \@twocolumnfalse
* \@twosidefalse
* \@mparswitchfalse
* \@reversemarginfalse
* (1in=72.27pt=25.4mm, 1cm=28.453pt)

Package hyperref Info: Link coloring OFF on input line 66.
\@outlinefile=\write6
\openout6 = `main.out'.

LaTeX Font Info:    Trying to load font information for U+msa on input line 70.
(/usr/local/texlive/2023/texmf-dist/tex/latex/amsfonts/umsa.fd
File: umsa.fd 2013/01/14 v3.01 AMS symbols A
)
LaTeX Font Info:    Trying to load font information for U+msb on input line 70.
 (/usr/local/texlive/2023/texmf-dist/tex/latex/amsfonts/umsb.fd
File: umsb.fd 2013/01/14 v3.01 AMS symbols B
)
LaTeX Font Info:    Trying to load font information for U+lasy on input line 70.
 (/usr/local/texlive/2023/texmf-dist/tex/latex/base/ulasy.fd
File: ulasy.fd 1998/08/17 v2.2e LaTeX symbol font definitions
) [1

{/usr/local/texlive/2023/texmf-var/fonts/map/pdftex/updmap/pdftex.map}]
pdfTeX warning (ext4): destination with the same identifier (name{page.1}) has been already used, duplicate ignored
<to be read again> 
                   \relax 
l.72 \end{abstract}
                    [1]
No file main.toc.
\tf@toc=\write7
\openout7 = `main.toc'.


pdfTeX warning (ext4): destination with the same identifier (name{page.1}) has been already used, duplicate ignored
<to be read again> 
                   \relax 
l.78 \chapter
             {Introduction} [1

]
Chapter 1.

LaTeX Warning: Citation 'markowitz1959' on page 2 undefined on input line 83.


LaTeX Warning: Citation 'ledoit2004' on page 2 undefined on input line 83.


LaTeX Warning: Citation 'gatev2006' on page 2 undefined on input line 84.

[2

]

LaTeX Warning: Reference `chap:background' on page 3 undefined on input line 113.


LaTeX Warning: Reference `chap:methodology' on page 3 undefined on input line 115.


LaTeX Warning: Reference `chap:implementation' on page 3 undefined on input line 118.


LaTeX Warning: Reference `chap:results' on page 3 undefined on input line 120.


LaTeX Warning: Reference `chap:discussion' on page 3 undefined on input line 122.


LaTeX Warning: Reference `chap:conclusions' on page 3 undefined on input line 124.

[3{/usr/local/texlive/2023/texmf-dist/fonts/enc/dvips/cm-super/cm-super-ts1.enc}]
Chapter 2.

LaTeX Warning: Citation 'markowitz1959' on page 4 undefined on input line 129.


LaTeX Warning: Citation 'vidyamurthy2004' on page 4 undefined on input line 129.


LaTeX Warning: Citation 'englegranger1987' on page 4 undefined on input line 129.


LaTeX Warning: Citation 'elliott2005' on page 4 undefined on input line 129.


LaTeX Warning: Reference `chap:methodology' on page 4 undefined on input line 129.


LaTeX Warning: Reference `chap:results' on page 4 undefined on input line 129.


LaTeX Warning: Citation 'markowitz1959' on page 4 undefined on input line 133.


LaTeX Warning: Citation 'markowitz1959' on page 4 undefined on input line 135.


LaTeX Warning: Citation 'markowitz1959' on page 4 undefined on input line 135.


LaTeX Warning: Citation 'fabozzi2002' on page 4 undefined on input line 135.


LaTeX Warning: Citation 'fabozzi2002' on page 4 undefined on input line 135.


LaTeX Warning: Citation 'fabozzi2002' on page 4 undefined on input line 135.


LaTeX Warning: Citation 'fabozzi2002' on page 4 undefined on input line 135.

[4

]

LaTeX Warning: Citation 'ledoit2004' on page 5 undefined on input line 140.


LaTeX Warning: Citation 'merton1980' on page 5 undefined on input line 140.


LaTeX Warning: Citation 'brealey1969' on page 5 undefined on input line 142.


LaTeX Warning: Citation 'englegranger1987' on page 5 undefined on input line 150.


LaTeX Warning: Citation 'elliott2005' on page 5 undefined on input line 154.

[5]
Chapter 3.

LaTeX Warning: Reference `sec:data_universe' on page 6 undefined on input line 163.


LaTeX Warning: Reference `sec:coint_screening' on page 6 undefined on input line 163.


LaTeX Warning: Reference `sec:spread_modelling' on page 6 undefined on input line 163.


LaTeX Warning: Reference `sec:return_estimation' on page 6 undefined on input line 163.


LaTeX Warning: Reference `sec:portfolio_opt' on page 6 undefined on input line 163.


LaTeX Warning: Reference `sec:backtesting' on page 6 undefined on input line 163.


LaTeX Warning: Reference `tab:universe' on page 6 undefined on input line 168.


LaTeX Warning: Citation 'brealey1969' on page 6 undefined on input line 222.


LaTeX Warning: Reference `sec:return-estimation' on page 6 undefined on input line 222.


LaTeX Warning: Citation 'lsegdata2025' on page 6 undefined on input line 224.


LaTeX Warning: Citation 'yfinance2026' on page 6 undefined on input line 224.

[6

]

LaTeX Warning: Citation 'englegranger1987' on page 7 undefined on input line 236.


LaTeX Warning: Citation 'englegranger1987' on page 7 undefined on input line 256.

[7]

LaTeX Warning: Citation 'mackinnon2010' on page 8 undefined on input line 264.


LaTeX Warning: Reference `eq:coint_regression' on page 8 undefined on input line 280.


LaTeX Warning: Citation 'gatev2006' on page 8 undefined on input line 286.

[8]

LaTeX Warning: Citation 'elliott2005' on page 9 undefined on input line 320.


LaTeX Warning: Reference `eq:halflife' on page 9 undefined on input line 325.

[9]
LaTeX Font Info:    Font shape `U/lasy/b/n' in size <7> not available
(Font)              Font shape `U/lasy/m/n' tried instead on input line 345.
LaTeX Font Info:    Font shape `U/lasy/b/n' in size <5> not available
(Font)              Font shape `U/lasy/m/n' tried instead on input line 345.


LaTeX Warning: Reference `sec:portfolio_opt' on page 10 undefined on input line 345.


LaTeX Warning: Citation 'merton1980' on page 10 undefined on input line 354.


LaTeX Warning: Citation 'markowitz1959' on page 10 undefined on input line 359.

[10] [11]
Overfull \hbox (14.96957pt too wide) in paragraph at lines 455--456
 []\OT1/cmr/bx/n/10 Sensitivity anal-y-sis.[] \OT1/cmr/m/n/10 The per-pair back-test is re-run across a grid of en-try $\OML/cmm/m/it/10 z$\OT1/cmr/m/n/10 -scores $\OMS/cmsy/m/n/10 f\OT1/cmr/m/n/10 1\OML/cmm/m/it/10 :\OT1/cmr/m/n/10 5\OML/cmm/m/it/10 ; \OT1/cmr/m/n/10 2\OML/cmm/m/it/10 :\OT1/cmr/m/n/10 0\OML/cmm/m/it/10 ; \OT1/cmr/m/n/10 2\OML/cmm/m/it/10 :\OT1/cmr/m/n/10 5\OML/cmm/m/it/10 ; \OT1/cmr/m/n/10 3\OML/cmm/m/it/10 :\OT1/cmr/m/n/10 0\OMS/cmsy/m/n/10 g$
 []


LaTeX Warning: Reference `chap:implementation' on page 12 undefined on input line 459.

[12] [13]
Chapter 4.

LaTeX Warning: Reference `chap:methodology' on page 14 undefined on input line 464.


LaTeX Warning: Reference `fig:pipeline' on page 14 undefined on input line 469.


Overfull \hbox (58.02309pt too wide) in paragraph at lines 478--479
\OT1/cmr/m/n/10 note-books to im-port func-tions such as \OT1/cmtt/m/n/10 screen[]pairs()\OT1/cmr/m/n/10 , \OT1/cmtt/m/n/10 compute[]half[]life()\OT1/cmr/m/n/10 , and \OT1/cmtt/m/n/10 maximum[]sharpe[]weights()
 []


Overfull \hbox (58.71646pt too wide) in paragraph at lines 516--517
 [][] 
 []

[14

]
Overfull \hbox (90.0552pt too wide) in paragraph at lines 523--524
\OT1/cmr/m/n/10 Price data are re-trieved from the LSEG Re-fini-tiv Workspace API via a cus-tom client (\OT1/cmtt/m/n/10 src/data/refinitiv[]client.py\OT1/cmr/m/n/10 ).
 []


LaTeX Warning: Reference `eq:ar1' on page 15 undefined on input line 537.


Overfull \hbox (26.2399pt too wide) in paragraph at lines 537--538
[]\OT1/cmr/m/n/10 These are im-ple-mented in the \OT1/cmtt/m/n/10 spread[]analysis \OT1/cmr/m/n/10 mod-ule, which pro-vides func-tions \OT1/cmtt/m/n/10 compute[]spread()\OT1/cmr/m/n/10 ,
 []

[15]
Overfull \hbox (43.46217pt too wide) in paragraph at lines 556--557
[]\OT1/cmr/m/n/10 Two ad-di-tional for-mal tests are also im-ple-mented. The \OT1/cmr/bx/n/10 KPSS test \OT1/cmr/m/n/10 (\OT1/cmtt/m/n/10 statsmodels.tsa.stattools.kpss\OT1/cmr/m/n/10 )
 []


Overfull \hbox (4.46748pt too wide) in paragraph at lines 564--565
[]\OT1/cmtt/m/n/10 compute[]spread[]returns(y[]prices, x[]prices, hedge[]ratio) \OT1/cmr/m/n/10 --- com-putes daily log spread
 []


LaTeX Warning: Reference `eq:ou_expected_return' on page 16 undefined on input line 566.

[16]

LaTeX Warning: Reference `eq:min_var' on page 17 undefined on input line 579.


Overfull \hbox (9.0487pt too wide) in paragraph at lines 579--580
[]\OT1/cmtt/m/n/10 minimum[]variance[]weights(returns, cov[]matrix, l2[]reg) \OT1/cmr/m/n/10 --- solves the minimum-variance
 []


Overfull \hbox (35.51317pt too wide) in paragraph at lines 579--580
\OT1/cmr/m/n/10 prob-lem (Equa-tion []) us-ing Se-quen-tial Least Squares Pro-gram-ming (SLSQP) from \OT1/cmtt/m/n/10 scipy.optimize\OT1/cmr/m/n/10 .
 []


LaTeX Warning: Reference `eq:max_sharpe' on page 17 undefined on input line 580.


Overfull \hbox (8.41096pt too wide) in paragraph at lines 580--581
[]\OT1/cmtt/m/n/10 maximum[]sharpe[]weights(returns, expected[]returns, cov[]matrix, rf[]annual) \OT1/cmr/m/n/10 --- solves
 []


Overfull \hbox (40.88474pt too wide) in paragraph at lines 581--582
[]\OT1/cmtt/m/n/10 compute[]efficient[]frontier(returns, expected[]returns, cov[]matrix, n[]points, rf[]annual)
 []

[17]

LaTeX Warning: Reference `sec:backtesting' on page 18 undefined on input line 601.


LaTeX Warning: Reference `sec:backtesting' on page 18 undefined on input line 609.


Overfull \hbox (67.33069pt too wide) in paragraph at lines 609--610
\OT1/cmr/m/n/10 The \OT1/cmtt/m/n/10 metrics \OT1/cmr/m/n/10 mod-ule pro-vides three core func-tions: \OT1/cmtt/m/n/10 compute[]ex[]post[]sharpe[]ratio()\OT1/cmr/m/n/10 , \OT1/cmtt/m/n/10 compute[]max[]drawdown()\OT1/cmr/m/n/10 ,
 []


Overfull \hbox (19.1745pt too wide) in paragraph at lines 609--610
\OT1/cmr/m/n/10 and \OT1/cmtt/m/n/10 compute[]volatility[]reduction()\OT1/cmr/m/n/10 , each im-ple-mented as de-scribed in Sec-tion []. The \OT1/cmtt/m/n/10 benchmarks
 []

[18]

LaTeX Warning: Reference `chap:results' on page 19 undefined on input line 636.

[19]
Chapter 5.

LaTeX Warning: Reference `tab:cointegration_screening' on page 20 undefined on input line 683.


LaTeX Warning: Reference `tab:spread_characterisation' on page 20 undefined on input line 685.


LaTeX Warning: Reference `fig:normalised_prices' on page 20 undefined on input line 685.


LaTeX Warning: File `figures/01_normalised_prices.pdf' not found on input line 718.


/Users/declanloo/Library/CloudStorage/OneDrive-UniversityCollegeLondon/UCL/Year 3/COMP0029 - Final Year Project/Asset-Pair-Portfolio-Optimiser/FYP Docs/Report/main.tex:718: Package pdftex.def Error: File `figures/01_normalised_prices.pdf' not found: using draft setting.

See the pdftex.def package documentation for explanation.
Type  H <return>  for immediate help.
 ...                                              
                                                  
l.718 ...twidth]{figures/01_normalised_prices.pdf}
                                                  
Try typing  <return>  to proceed.
If that doesn't work, type  X <return>  to quit.


LaTeX Warning: File `figures/01_spread_characterisation.pdf' not found on input line 728.


/Users/declanloo/Library/CloudStorage/OneDrive-UniversityCollegeLondon/UCL/Year 3/COMP0029 - Final Year Project/Asset-Pair-Portfolio-Optimiser/FYP Docs/Report/main.tex:728: Package pdftex.def Error: File `figures/01_spread_characterisation.pdf' not found: using draft setting.

See the pdftex.def package documentation for explanation.
Type  H <return>  for immediate help.
 ...                                              
                                                  
l.728 ...]{figures/01_spread_characterisation.pdf}
                                                  
Try typing  <return>  to proceed.
If that doesn't work, type  X <return>  to quit.


LaTeX Warning: File `figures/01_spread_levels.pdf' not found on input line 741.


/Users/declanloo/Library/CloudStorage/OneDrive-UniversityCollegeLondon/UCL/Year 3/COMP0029 - Final Year Project/Asset-Pair-Portfolio-Optimiser/FYP Docs/Report/main.tex:741: Package pdftex.def Error: File `figures/01_spread_levels.pdf' not found: using draft setting.

See the pdftex.def package documentation for explanation.
Type  H <return>  for immediate help.
 ...                                              
                                                  
l.741 ...\textwidth]{figures/01_spread_levels.pdf}
                                                  
Try typing  <return>  to proceed.
If that doesn't work, type  X <return>  to quit.


LaTeX Warning: File `figures/01_spread_zscores.pdf' not found on input line 751.


/Users/declanloo/Library/CloudStorage/OneDrive-UniversityCollegeLondon/UCL/Year 3/COMP0029 - Final Year Project/Asset-Pair-Portfolio-Optimiser/FYP Docs/Report/main.tex:751: Package pdftex.def Error: File `figures/01_spread_zscores.pdf' not found: using draft setting.

See the pdftex.def package documentation for explanation.
Type  H <return>  for immediate help.
 ...                                              
                                                  
l.751 ...textwidth]{figures/01_spread_zscores.pdf}
                                                  
Try typing  <return>  to proceed.
If that doesn't work, type  X <return>  to quit.


LaTeX Warning: File `figures/01_spread_rolling_halflife.pdf' not found on input line 762.


/Users/declanloo/Library/CloudStorage/OneDrive-UniversityCollegeLondon/UCL/Year 3/COMP0029 - Final Year Project/Asset-Pair-Portfolio-Optimiser/FYP Docs/Report/main.tex:762: Package pdftex.def Error: File `figures/01_spread_rolling_halflife.pdf' not found: using draft setting.

See the pdftex.def package documentation for explanation.
Type  H <return>  for immediate help.
 ...                                              
                                                  
l.762 ...]{figures/01_spread_rolling_halflife.pdf}
                                                  
Try typing  <return>  to proceed.
If that doesn't work, type  X <return>  to quit.

[20

] [21] [22] [23] [24] [25]

LaTeX Warning: Reference `tab:oos_spread_stats' on page 26 undefined on input line 776.


LaTeX Warning: Reference `tab:cointegration_validation' on page 26 undefined on input line 778.


LaTeX Warning: Reference `fig:oos_eg_pvalues' on page 26 undefined on input line 779.


Underfull \hbox (badness 10000) in paragraph at lines 785--785

 []


Underfull \hbox (badness 10000) in paragraph at lines 810--810

 []


LaTeX Warning: File `figures/02_oos_eg_pvalues.pdf' not found on input line 837.


/Users/declanloo/Library/CloudStorage/OneDrive-UniversityCollegeLondon/UCL/Year 3/COMP0029 - Final Year Project/Asset-Pair-Portfolio-Optimiser/FYP Docs/Report/main.tex:837: Package pdftex.def Error: File `figures/02_oos_eg_pvalues.pdf' not found: using draft setting.

See the pdftex.def package documentation for explanation.
Type  H <return>  for immediate help.
 ...                                              
                                                  
l.837 ...textwidth]{figures/02_oos_eg_pvalues.pdf}
                                                  
Try typing  <return>  to proceed.
If that doesn't work, type  X <return>  to quit.


LaTeX Warning: Reference `tab:cointegration_screening' on page 26 undefined on input line 843.


LaTeX Warning: Reference `tab:cointegration_screening' on page 26 undefined on input line 843.


LaTeX Warning: File `figures/02_spread_is_oos_concat.pdf' not found on input line 849.


/Users/declanloo/Library/CloudStorage/OneDrive-UniversityCollegeLondon/UCL/Year 3/COMP0029 - Final Year Project/Asset-Pair-Portfolio-Optimiser/FYP Docs/Report/main.tex:849: Package pdftex.def Error: File `figures/02_spread_is_oos_concat.pdf' not found: using draft setting.

See the pdftex.def package documentation for explanation.
Type  H <return>  for immediate help.
 ...                                              
                                                  
l.849 ...dth]{figures/02_spread_is_oos_concat.pdf}
                                                  
Try typing  <return>  to proceed.
If that doesn't work, type  X <return>  to quit.


LaTeX Warning: File `figures/02_zscore_is_oos.pdf' not found on input line 861.


/Users/declanloo/Library/CloudStorage/OneDrive-UniversityCollegeLondon/UCL/Year 3/COMP0029 - Final Year Project/Asset-Pair-Portfolio-Optimiser/FYP Docs/Report/main.tex:861: Package pdftex.def Error: File `figures/02_zscore_is_oos.pdf' not found: using draft setting.

See the pdftex.def package documentation for explanation.
Type  H <return>  for immediate help.
 ...                                              
                                                  
l.861 ...\textwidth]{figures/02_zscore_is_oos.pdf}
                                                  
Try typing  <return>  to proceed.
If that doesn't work, type  X <return>  to quit.


LaTeX Warning: File `figures/02_rolling_halflife_is_oos.pdf' not found on input line 873.


/Users/declanloo/Library/CloudStorage/OneDrive-UniversityCollegeLondon/UCL/Year 3/COMP0029 - Final Year Project/Asset-Pair-Portfolio-Optimiser/FYP Docs/Report/main.tex:873: Package pdftex.def Error: File `figures/02_rolling_halflife_is_oos.pdf' not found: using draft setting.

See the pdftex.def package documentation for explanation.
Type  H <return>  for immediate help.
 ...                                              
                                                  
l.873 ...]{figures/02_rolling_halflife_is_oos.pdf}
                                                  
Try typing  <return>  to proceed.
If that doesn't work, type  X <return>  to quit.

[26] [27] [28] [29] [30] [31]

LaTeX Warning: Reference `tab:kpss_results' on page 32 undefined on input line 928.


LaTeX Warning: Reference `tab:cointegration_validation' on page 32 undefined on input line 953.


LaTeX Warning: Reference `tab:chow_results' on page 32 undefined on input line 956.


LaTeX Warning: Reference `tab:return_estimation' on page 32 undefined on input line 989.


LaTeX Warning: File `figures/03_cumulative_returns.pdf' not found on input line 1013.


/Users/declanloo/Library/CloudStorage/OneDrive-UniversityCollegeLondon/UCL/Year 3/COMP0029 - Final Year Project/Asset-Pair-Portfolio-Optimiser/FYP Docs/Report/main.tex:1013: Package pdftex.def Error: File `figures/03_cumulative_returns.pdf' not found: using draft setting.

See the pdftex.def package documentation for explanation.
Type  H <return>  for immediate help.
 ...                                              
                                                  
l.1013 ...idth]{figures/03_cumulative_returns.pdf}
                                                  
Try typing  <return>  to proceed.
If that doesn't work, type  X <return>  to quit.


LaTeX Warning: File `figures/03_mu_comparison.pdf' not found on input line 1023.


/Users/declanloo/Library/CloudStorage/OneDrive-UniversityCollegeLondon/UCL/Year 3/COMP0029 - Final Year Project/Asset-Pair-Portfolio-Optimiser/FYP Docs/Report/main.tex:1023: Package pdftex.def Error: File `figures/03_mu_comparison.pdf' not found: using draft setting.

See the pdftex.def package documentation for explanation.
Type  H <return>  for immediate help.
 ...                                              
                                                  
l.1023 ...textwidth]{figures/03_mu_comparison.pdf}
                                                  
Try typing  <return>  to proceed.
If that doesn't work, type  X <return>  to quit.


LaTeX Warning: File `figures/03_correlation_heatmap.pdf' not found on input line 1036.


/Users/declanloo/Library/CloudStorage/OneDrive-UniversityCollegeLondon/UCL/Year 3/COMP0029 - Final Year Project/Asset-Pair-Portfolio-Optimiser/FYP Docs/Report/main.tex:1036: Package pdftex.def Error: File `figures/03_correlation_heatmap.pdf' not found: using draft setting.

See the pdftex.def package documentation for explanation.
Type  H <return>  for immediate help.
 ...                                              
                                                  
l.1036 ...dth]{figures/03_correlation_heatmap.pdf}
                                                  
Try typing  <return>  to proceed.
If that doesn't work, type  X <return>  to quit.

[32] [33] [34] [35]

LaTeX Warning: Reference `tab:backtest_results' on page 36 undefined on input line 1051.


LaTeX Warning: Reference `tab:bootstrap_sharpe' on page 36 undefined on input line 1109.


Underfull \hbox (badness 10000) in paragraph at lines 1116--1116

 []

[36]
Underfull \hbox (badness 10000) in paragraph at lines 1147--1147

 []


LaTeX Warning: Reference `tab:sensitivity' on page 37 undefined on input line 1167.


Underfull \hbox (badness 10000) in paragraph at lines 1174--1174

 []

[37] [38]

LaTeX Warning: Reference `tab:lopo' on page 39 undefined on input line 1237.


Underfull \hbox (badness 10000) in paragraph at lines 1244--1244

 []


LaTeX Warning: File `figures/04_cumulative_returns.pdf' not found on input line 1266.


/Users/declanloo/Library/CloudStorage/OneDrive-UniversityCollegeLondon/UCL/Year 3/COMP0029 - Final Year Project/Asset-Pair-Portfolio-Optimiser/FYP Docs/Report/main.tex:1266: Package pdftex.def Error: File `figures/04_cumulative_returns.pdf' not found: using draft setting.

See the pdftex.def package documentation for explanation.
Type  H <return>  for immediate help.
 ...                                              
                                                  
l.1266 ...idth]{figures/04_cumulative_returns.pdf}
                                                  
Try typing  <return>  to proceed.
If that doesn't work, type  X <return>  to quit.


LaTeX Warning: File `figures/04_drawdown.pdf' not found on input line 1277.


/Users/declanloo/Library/CloudStorage/OneDrive-UniversityCollegeLondon/UCL/Year 3/COMP0029 - Final Year Project/Asset-Pair-Portfolio-Optimiser/FYP Docs/Report/main.tex:1277: Package pdftex.def Error: File `figures/04_drawdown.pdf' not found: using draft setting.

See the pdftex.def package documentation for explanation.
Type  H <return>  for immediate help.
 ...                                              
                                                  
l.1277 ...dth=\textwidth]{figures/04_drawdown.pdf}
                                                  
Try typing  <return>  to proceed.
If that doesn't work, type  X <return>  to quit.


LaTeX Warning: File `figures/04_rolling_sharpe.pdf' not found on input line 1287.


/Users/declanloo/Library/CloudStorage/OneDrive-UniversityCollegeLondon/UCL/Year 3/COMP0029 - Final Year Project/Asset-Pair-Portfolio-Optimiser/FYP Docs/Report/main.tex:1287: Package pdftex.def Error: File `figures/04_rolling_sharpe.pdf' not found: using draft setting.

See the pdftex.def package documentation for explanation.
Type  H <return>  for immediate help.
 ...                                              
                                                  
l.1287 ...extwidth]{figures/04_rolling_sharpe.pdf}
                                                  
Try typing  <return>  to proceed.
If that doesn't work, type  X <return>  to quit.


LaTeX Warning: File `figures/04_weights_bar.pdf' not found on input line 1297.


/Users/declanloo/Library/CloudStorage/OneDrive-UniversityCollegeLondon/UCL/Year 3/COMP0029 - Final Year Project/Asset-Pair-Portfolio-Optimiser/FYP Docs/Report/main.tex:1297: Package pdftex.def Error: File `figures/04_weights_bar.pdf' not found: using draft setting.

See the pdftex.def package documentation for explanation.
Type  H <return>  for immediate help.
 ...                                              
                                                  
l.1297 ...=\textwidth]{figures/04_weights_bar.pdf}
                                                  
Try typing  <return>  to proceed.
If that doesn't work, type  X <return>  to quit.


LaTeX Warning: File `figures/04_pair_cumulative_returns.pdf' not found on input line 1308.


/Users/declanloo/Library/CloudStorage/OneDrive-UniversityCollegeLondon/UCL/Year 3/COMP0029 - Final Year Project/Asset-Pair-Portfolio-Optimiser/FYP Docs/Report/main.tex:1308: Package pdftex.def Error: File `figures/04_pair_cumulative_returns.pdf' not found: using draft setting.

See the pdftex.def package documentation for explanation.
Type  H <return>  for immediate help.
 ...                                              
                                                  
l.1308 ...{figures/04_pair_cumulative_returns.pdf}
                                                  
Try typing  <return>  to proceed.
If that doesn't work, type  X <return>  to quit.

[39] [40] [41] [42] [43] [44]
Chapter 6.

LaTeX Warning: Reference `tab:spread_characterisation' on page 45 undefined on input line 1322.


LaTeX Warning: Reference `tab:cointegration_validation' on page 45 undefined on input line 1329.


LaTeX Warning: Reference `tab:perpair_backtest' on page 45 undefined on input line 1333.


LaTeX Warning: Reference `tab:backtest_results' on page 45 undefined on input line 1335.


Package hyperref Warning: Token not allowed in a PDF string (Unicode):
(hyperref)                removing `math shift' on input line 1339.


Package hyperref Warning: Token not allowed in a PDF string (Unicode):
(hyperref)                removing `\mu' on input line 1339.


Package hyperref Warning: Token not allowed in a PDF string (Unicode):
(hyperref)                removing `math shift' on input line 1339.


LaTeX Warning: Reference `tab:cointegration_screening' on page 45 undefined on input line 1346.


LaTeX Warning: Reference `tab:cointegration_comparison' on page 45 undefined on input line 1346.

[45

] [46]
Chapter 7.

LaTeX Warning: Empty bibliography on input line 1376.

[47

]
Appendix A.

/Users/declanloo/Library/CloudStorage/OneDrive-UniversityCollegeLondon/UCL/Year 3/COMP0029 - Final Year Project/Asset-Pair-Portfolio-Optimiser/FYP Docs/Report/main.tex:1383: Package pdfpages Error: Cannot find file `FYP_Project_Plan.pdf'.

See the pdfpages package documentation for explanation.
Type  H <return>  for immediate help.
 ...                                              
                                                  
l.1383 \includepdf[pages=-]{FYP_Project_Plan.pdf}
                                                 
This error message was generated by an \errmessage
command, so I can't give any explicit help.
Pretend that you're Hercule Poirot: Examine all clues,
and deduce the truth by order and method.


/Users/declanloo/Library/CloudStorage/OneDrive-UniversityCollegeLondon/UCL/Year 3/COMP0029 - Final Year Project/Asset-Pair-Portfolio-Optimiser/FYP Docs/Report/main.tex:1383: Package pdfpages Error: Cannot find file `-'.

See the pdfpages package documentation for explanation.
Type  H <return>  for immediate help.
 ...                                              
                                                  
l.1383 \includepdf[pages=-]{FYP_Project_Plan.pdf}
                                                 
(That was another \errmessage.)

/Users/declanloo/Library/CloudStorage/OneDrive-UniversityCollegeLondon/UCL/Year 3/COMP0029 - Final Year Project/Asset-Pair-Portfolio-Optimiser/FYP Docs/Report/main.tex:1383: Undefined control sequence.
\AM@expand@range ...M@i \relax \@tempcntb =\AM@ii 
                                                  \relax \ifnum \@tempcnta <...
l.1383 \includepdf[pages=-]{FYP_Project_Plan.pdf}
                                                 
The control sequence at the end of the top line
of your error message was never \def'ed. If you have
misspelled it (e.g., `\hobx'), type `I' and the correct
spelling (e.g., `I\hbox'). Otherwise just continue,
and I'll forget about whatever was undefined.

/Users/declanloo/Library/CloudStorage/OneDrive-UniversityCollegeLondon/UCL/Year 3/COMP0029 - Final Year Project/Asset-Pair-Portfolio-Optimiser/FYP Docs/Report/main.tex:1383: Missing number, treated as zero.
<to be read again> 
                   \relax 
l.1383 \includepdf[pages=-]{FYP_Project_Plan.pdf}
                                                 
A number should have been here; I inserted `0'.
(If you can't figure out why I needed to see a number,
look up `weird error' in the index to The TeXbook.)

/Users/declanloo/Library/CloudStorage/OneDrive-UniversityCollegeLondon/UCL/Year 3/COMP0029 - Final Year Project/Asset-Pair-Portfolio-Optimiser/FYP Docs/Report/main.tex:1383: Undefined control sequence.
\AM@checkpagenumber #1->\ifnum #1>\AM@pagecount 
                                                \relax \ifthenelse {\boolean...
l.1383 \includepdf[pages=-]{FYP_Project_Plan.pdf}
                                                 
The control sequence at the end of the top line
of your error message was never \def'ed. If you have
misspelled it (e.g., `\hobx'), type `I' and the correct
spelling (e.g., `I\hbox'). Otherwise just continue,
and I'll forget about whatever was undefined.

/Users/declanloo/Library/CloudStorage/OneDrive-UniversityCollegeLondon/UCL/Year 3/COMP0029 - Final Year Project/Asset-Pair-Portfolio-Optimiser/FYP Docs/Report/main.tex:1383: Missing number, treated as zero.
<to be read again> 
                   \relax 
l.1383 \includepdf[pages=-]{FYP_Project_Plan.pdf}
                                                 
A number should have been here; I inserted `0'.
(If you can't figure out why I needed to see a number,
look up `weird error' in the index to The TeXbook.)


/Users/declanloo/Library/CloudStorage/OneDrive-UniversityCollegeLondon/UCL/Year 3/COMP0029 - Final Year Project/Asset-Pair-Portfolio-Optimiser/FYP Docs/Report/main.tex:1383: Package pdfpages Error: Page 1 of `\AM@currentdocname ' does not exist.

See the pdfpages package documentation for explanation.
Type  H <return>  for immediate help.
 ...                                              
                                                  
l.1383 \includepdf[pages=-]{FYP_Project_Plan.pdf}
                                                 
You have set a wrong page number in the `pages' option. Document 
`\AM@currentdocname ' does not have 1 pages.

/Users/declanloo/Library/CloudStorage/OneDrive-UniversityCollegeLondon/UCL/Year 3/COMP0029 - Final Year Project/Asset-Pair-Portfolio-Optimiser/FYP Docs/Report/main.tex:1383: Undefined control sequence.
\AM@checkpagenumber #1->\ifnum #1>\AM@pagecount 
                                                \relax \ifthenelse {\boolean...
l.1383 \includepdf[pages=-]{FYP_Project_Plan.pdf}
                                                 
The control sequence at the end of the top line
of your error message was never \def'ed. If you have
misspelled it (e.g., `\hobx'), type `I' and the correct
spelling (e.g., `I\hbox'). Otherwise just continue,
and I'll forget about whatever was undefined.

/Users/declanloo/Library/CloudStorage/OneDrive-UniversityCollegeLondon/UCL/Year 3/COMP0029 - Final Year Project/Asset-Pair-Portfolio-Optimiser/FYP Docs/Report/main.tex:1383: Missing number, treated as zero.
<to be read again> 
                   \relax 
l.1383 \includepdf[pages=-]{FYP_Project_Plan.pdf}
                                                 
A number should have been here; I inserted `0'.
(If you can't figure out why I needed to see a number,
look up `weird error' in the index to The TeXbook.)

[48

]
Appendix B.

/Users/declanloo/Library/CloudStorage/OneDrive-UniversityCollegeLondon/UCL/Year 3/COMP0029 - Final Year Project/Asset-Pair-Portfolio-Optimiser/FYP Docs/Report/main.tex:1387: Package pdfpages Error: Cannot find file `FYP_Interim_Report.pdf'.

See the pdfpages package documentation for explanation.
Type  H <return>  for immediate help.
 ...                                              
                                                  
l.1387 ...ludepdf[pages=-]{FYP_Interim_Report.pdf}
                                                  
(That was another \errmessage.)


/Users/declanloo/Library/CloudStorage/OneDrive-UniversityCollegeLondon/UCL/Year 3/COMP0029 - Final Year Project/Asset-Pair-Portfolio-Optimiser/FYP Docs/Report/main.tex:1387: Package pdfpages Error: Cannot find file `-'.

See the pdfpages package documentation for explanation.
Type  H <return>  for immediate help.
 ...                                              
                                                  
l.1387 ...ludepdf[pages=-]{FYP_Interim_Report.pdf}
                                                  
(That was another \errmessage.)

/Users/declanloo/Library/CloudStorage/OneDrive-UniversityCollegeLondon/UCL/Year 3/COMP0029 - Final Year Project/Asset-Pair-Portfolio-Optimiser/FYP Docs/Report/main.tex:1387: Undefined control sequence.
\AM@expand@range ...M@i \relax \@tempcntb =\AM@ii 
                                                  \relax \ifnum \@tempcnta <...
l.1387 ...ludepdf[pages=-]{FYP_Interim_Report.pdf}
                                                  
The control sequence at the end of the top line
of your error message was never \def'ed. If you have
misspelled it (e.g., `\hobx'), type `I' and the correct
spelling (e.g., `I\hbox'). Otherwise just continue,
and I'll forget about whatever was undefined.

/Users/declanloo/Library/CloudStorage/OneDrive-UniversityCollegeLondon/UCL/Year 3/COMP0029 - Final Year Project/Asset-Pair-Portfolio-Optimiser/FYP Docs/Report/main.tex:1387: Missing number, treated as zero.
<to be read again> 
                   \relax 
l.1387 ...ludepdf[pages=-]{FYP_Interim_Report.pdf}
                                                  
A number should have been here; I inserted `0'.
(If you can't figure out why I needed to see a number,
look up `weird error' in the index to The TeXbook.)

/Users/declanloo/Library/CloudStorage/OneDrive-UniversityCollegeLondon/UCL/Year 3/COMP0029 - Final Year Project/Asset-Pair-Portfolio-Optimiser/FYP Docs/Report/main.tex:1387: Undefined control sequence.
\AM@checkpagenumber #1->\ifnum #1>\AM@pagecount 
                                                \relax \ifthenelse {\boolean...
l.1387 ...ludepdf[pages=-]{FYP_Interim_Report.pdf}
                                                  
The control sequence at the end of the top line
of your error message was never \def'ed. If you have
misspelled it (e.g., `\hobx'), type `I' and the correct
spelling (e.g., `I\hbox'). Otherwise just continue,
and I'll forget about whatever was undefined.

/Users/declanloo/Library/CloudStorage/OneDrive-UniversityCollegeLondon/UCL/Year 3/COMP0029 - Final Year Project/Asset-Pair-Portfolio-Optimiser/FYP Docs/Report/main.tex:1387: Missing number, treated as zero.
<to be read again> 
                   \relax 
l.1387 ...ludepdf[pages=-]{FYP_Interim_Report.pdf}
                                                  
A number should have been here; I inserted `0'.
(If you can't figure out why I needed to see a number,
look up `weird error' in the index to The TeXbook.)


/Users/declanloo/Library/CloudStorage/OneDrive-UniversityCollegeLondon/UCL/Year 3/COMP0029 - Final Year Project/Asset-Pair-Portfolio-Optimiser/FYP Docs/Report/main.tex:1387: Package pdfpages Error: Page 1 of `\AM@currentdocname ' does not exist.

See the pdfpages package documentation for explanation.
Type  H <return>  for immediate help.
 ...                                              
                                                  
l.1387 ...ludepdf[pages=-]{FYP_Interim_Report.pdf}
                                                  
You have set a wrong page number in the `pages' option. Document 
`\AM@currentdocname ' does not have 1 pages.

/Users/declanloo/Library/CloudStorage/OneDrive-UniversityCollegeLondon/UCL/Year 3/COMP0029 - Final Year Project/Asset-Pair-Portfolio-Optimiser/FYP Docs/Report/main.tex:1387: Undefined control sequence.
\AM@checkpagenumber #1->\ifnum #1>\AM@pagecount 
                                                \relax \ifthenelse {\boolean...
l.1387 ...ludepdf[pages=-]{FYP_Interim_Report.pdf}
                                                  
The control sequence at the end of the top line
of your error message was never \def'ed. If you have
misspelled it (e.g., `\hobx'), type `I' and the correct
spelling (e.g., `I\hbox'). Otherwise just continue,
and I'll forget about whatever was undefined.

/Users/declanloo/Library/CloudStorage/OneDrive-UniversityCollegeLondon/UCL/Year 3/COMP0029 - Final Year Project/Asset-Pair-Portfolio-Optimiser/FYP Docs/Report/main.tex:1387: Missing number, treated as zero.
<to be read again> 
                   \relax 
l.1387 ...ludepdf[pages=-]{FYP_Interim_Report.pdf}
                                                  
A number should have been here; I inserted `0'.
(If you can't figure out why I needed to see a number,
look up `weird error' in the index to The TeXbook.)

[49

]
Appendix C.

LaTeX Warning: File `figures/04_rolling_volatility.pdf' not found on input line 1395.


/Users/declanloo/Library/CloudStorage/OneDrive-UniversityCollegeLondon/UCL/Year 3/COMP0029 - Final Year Project/Asset-Pair-Portfolio-Optimiser/FYP Docs/Report/main.tex:1395: Package pdftex.def Error: File `figures/04_rolling_volatility.pdf' not found: using draft setting.

See the pdftex.def package documentation for explanation.
Type  H <return>  for immediate help.
 ...                                              
                                                  
l.1395 ...idth]{figures/04_rolling_volatility.pdf}
                                                  
Try typing  <return>  to proceed.
If that doesn't work, type  X <return>  to quit.


LaTeX Warning: File `figures/04_efficient_frontier.pdf' not found on input line 1405.


/Users/declanloo/Library/CloudStorage/OneDrive-UniversityCollegeLondon/UCL/Year 3/COMP0029 - Final Year Project/Asset-Pair-Portfolio-Optimiser/FYP Docs/Report/main.tex:1405: Package pdftex.def Error: File `figures/04_efficient_frontier.pdf' not found: using draft setting.

See the pdftex.def package documentation for explanation.
Type  H <return>  for immediate help.
 ...                                              
                                                  
l.1405 ...idth]{figures/04_efficient_frontier.pdf}
                                                  
Try typing  <return>  to proceed.
If that doesn't work, type  X <return>  to quit.


LaTeX Warning: File `figures/04_return_distribution.pdf' not found on input line 1415.


/Users/declanloo/Library/CloudStorage/OneDrive-UniversityCollegeLondon/UCL/Year 3/COMP0029 - Final Year Project/Asset-Pair-Portfolio-Optimiser/FYP Docs/Report/main.tex:1415: Package pdftex.def Error: File `figures/04_return_distribution.pdf' not found: using draft setting.

See the pdftex.def package documentation for explanation.
Type  H <return>  for immediate help.
 ...                                              
                                                  
l.1415 ...dth]{figures/04_return_distribution.pdf}
                                                  
Try typing  <return>  to proceed.
If that doesn't work, type  X <return>  to quit.

[50

] [51] [52]
Appendix D.

Overfull \hbox (0.32057pt too wide) in paragraph at lines 1426--1427
\OT1/cmr/m/n/10 The full source code is avail-able at []https://github.com/Declan-Loo/Asset-Pair-Portfolio-Optimiser[]. 
 []


LaTeX Warning: Reference `chap:implementation' on page 53 undefined on input line 1468.


LaTeX Warning: Reference `appendix:system-manual' on page 53 undefined on input line 1474.

[53

]

LaTeX Warning: Reference `sec:lseg-config' on page 54 undefined on input line 1484.


Overfull \hbox (47.6956pt too wide) in paragraph at lines 1520--1521
[]\OT1/cmr/m/n/10 Once the file is present and the LSEG Workspace desk-top ap-pli-ca-tion is run-ning, the \OT1/cmtt/m/n/10 refinitiv[]client.py
 []

[54]
Overfull \hbox (48.71149pt too wide) in paragraph at lines 1560--1561
\OT1/cmr/m/n/10 in-dexed by spread la-bel), then pass it as the \OT1/cmtt/m/n/10 expected[]returns \OT1/cmr/m/n/10 ar-gu-ment to \OT1/cmtt/m/n/10 optimiser.optimise[]portfolio\OT1/cmr/m/n/10 . 
 []

LaTeX Font Info:    Font shape `OT1/cmtt/bx/n' in size <12> not available
(Font)              Font shape `OT1/cmtt/m/n' tried instead on input line 1567.
[55] [56] [57] [58] [59] [60] [61] [62] [63] [64] [65] (./main.aux)

LaTeX Warning: There were undefined references.


LaTeX Warning: Label(s) may have changed. Rerun to get cross-references right.


Package rerunfilecheck Warning: File `main.out' has changed.
(rerunfilecheck)                Rerun to get outlines right
(rerunfilecheck)                or use package `bookmark'.

Package rerunfilecheck Info: Checksums for `main.out':
(rerunfilecheck)             Before: <no file>
(rerunfilecheck)             After:  B4CF88C7739CA2F5524E4496019A4371;17770.

Package biblatex Warning: Please (re)run Biber on the file:
(biblatex)                main
(biblatex)                and rerun LaTeX afterwards.

Package logreq Info: Writing requests to 'main.run.xml'.
\openout1 = `main.run.xml'.

 ) 
Here is how much of TeX's memory you used:
 34623 strings out of 476025
 715365 string characters out of 5790017
 1879388 words of memory out of 5000000
 54264 multiletter control sequences out of 15000+600000
 530180 words of font info for 105 fonts, out of 8000000 for 9000
 1141 hyphenation exceptions out of 8191
 84i,14n,89p,2023b,1085s stack positions out of 10000i,1000n,20000p,200000b,200000s
</usr/local/texlive/2023/texmf-dist/fonts/type1/public/amsfonts/cm/cmbx10.pfb></usr/local/texlive/2023/texmf-dist/fonts/type1/public/amsfonts/cm/cmbx12.pfb></usr/local/texlive/2023/texmf-dist/fonts/type1/public/amsfonts/cm/cmbx7.pfb></usr/local/texlive/2023/texmf-dist/fonts/type1/public/amsfonts/cm/cmbx8.pfb></usr/local/texlive/2023/texmf-dist/fonts/type1/public/amsfonts/cm/cmbx9.pfb></usr/local/texlive/2023/texmf-dist/fonts/type1/public/amsfonts/cm/cmex10.pfb></usr/local/texlive/2023/texmf-dist/fonts/type1/public/amsfonts/cm/cmmi10.pfb></usr/local/texlive/2023/texmf-dist/fonts/type1/public/amsfonts/cm/cmmi12.pfb></usr/local/texlive/2023/texmf-dist/fonts/type1/public/amsfonts/cm/cmmi6.pfb></usr/local/texlive/2023/texmf-dist/fonts/type1/public/amsfonts/cm/cmmi7.pfb></usr/local/texlive/2023/texmf-dist/fonts/type1/public/amsfonts/cm/cmmi9.pfb></usr/local/texlive/2023/texmf-dist/fonts/type1/public/amsfonts/cm/cmmib10.pfb></usr/local/texlive/2023/texmf-dist/fonts/type1/public/amsfonts/cm/cmr10.pfb></usr/local/texlive/2023/texmf-dist/fonts/type1/public/amsfonts/cm/cmr12.pfb></usr/local/texlive/2023/texmf-dist/fonts/type1/public/amsfonts/cm/cmr17.pfb></usr/local/texlive/2023/texmf-dist/fonts/type1/public/amsfonts/cm/cmr6.pfb></usr/local/texlive/2023/texmf-dist/fonts/type1/public/amsfonts/cm/cmr7.pfb></usr/local/texlive/2023/texmf-dist/fonts/type1/public/amsfonts/cm/cmr8.pfb></usr/local/texlive/2023/texmf-dist/fonts/type1/public/amsfonts/cm/cmr9.pfb></usr/local/texlive/2023/texmf-dist/fonts/type1/public/amsfonts/cm/cmsy10.pfb></usr/local/texlive/2023/texmf-dist/fonts/type1/public/amsfonts/cm/cmsy6.pfb></usr/local/texlive/2023/texmf-dist/fonts/type1/public/amsfonts/cm/cmsy7.pfb></usr/local/texlive/2023/texmf-dist/fonts/type1/public/amsfonts/cm/cmsy9.pfb></usr/local/texlive/2023/texmf-dist/fonts/type1/public/amsfonts/cm/cmti10.pfb></usr/local/texlive/2023/texmf-dist/fonts/type1/public/amsfonts/cm/cmtt10.pfb></usr/local/texlive/2023/texmf-dist/fonts/type1/public/amsfonts/cm/cmtt12.pfb></usr/local/texlive/2023/texmf-dist/fonts/type1/public/amsfonts/cm/cmtt8.pfb></usr/local/texlive/2023/texmf-dist/fonts/type1/public/amsfonts/cm/cmtt9.pfb></usr/local/texlive/2023/texmf-dist/fonts/type1/public/amsfonts/symbols/msbm10.pfb></usr/local/texlive/2023/texmf-dist/fonts/type1/public/cm-super/sfbx0800.pfb></usr/local/texlive/2023/texmf-dist/fonts/type1/public/cm-super/sfrm1000.pfb>
Output written on main.pdf (67 pages, 524460 bytes).
PDF statistics:
 686 PDF objects out of 1000 (max. 8388607)
 549 compressed objects within 6 object streams
 247 named destinations out of 1000 (max. 500000)
 13 words of extra memory for PDF output out of 10000 (max. 10000000)

